<?xml version="1.0" encoding="UTF-8"?>
<testng-results skipped="0" failed="0" total="1" passed="1">
  <reporter-output>
  </reporter-output>
  <suite name="example.NewTest" duration-ms="12551" started-at="2019-04-05T13:17:03Z" finished-at="2019-04-05T13:17:15Z">
    <groups>
    </groups>
    <test name="Command line test" duration-ms="12551" started-at="2019-04-05T13:17:03Z" finished-at="2019-04-05T13:17:15Z">
      <class name="example.NewTest">
        <test-method status="PASS" signature="beforeTest()[pri:0, instance:example.NewTest@42d3bd8b]" name="beforeTest" is-config="true" duration-ms="3957" started-at="2019-04-05T15:17:03Z" finished-at="2019-04-05T15:17:07Z">
          <reporter-output>
          </reporter-output>
        </test-method> <!-- beforeTest -->
        <test-method status="PASS" signature="testEasy()[pri:0, instance:example.NewTest@42d3bd8b]" name="testEasy" duration-ms="7408" started-at="2019-04-05T15:17:07Z" finished-at="2019-04-05T15:17:14Z">
          <reporter-output>
          </reporter-output>
        </test-method> <!-- testEasy -->
        <test-method status="PASS" signature="afterTest()[pri:0, instance:example.NewTest@42d3bd8b]" name="afterTest" is-config="true" duration-ms="1176" started-at="2019-04-05T15:17:14Z" finished-at="2019-04-05T15:17:15Z">
          <reporter-output>
          </reporter-output>
        </test-method> <!-- afterTest -->
      </class> <!-- example.NewTest -->
    </test> <!-- Command line test -->
  </suite> <!-- example.NewTest -->
</testng-results>
